0 info it worked if it ends with ok
1 verbose cli [ '/usr/bin/nodejs',
1 verbose cli   '/usr/bin/npm',
1 verbose cli   'install',
1 verbose cli   'express-generator@4.x' ]
2 info using npm@3.10.8
3 info using node@v6.8.0
4 silly loadCurrentTree Starting
5 silly install loadCurrentTree
6 silly install readLocalPackageData
7 silly fetchPackageMetaData express-generator@4.x
8 silly fetchNamedPackageData express-generator
9 silly mapToRegistry name express-generator
10 silly mapToRegistry using default registry
11 silly mapToRegistry registry https://registry.npmjs.org/
12 silly mapToRegistry data Result {
12 silly mapToRegistry   raw: 'express-generator',
12 silly mapToRegistry   scope: null,
12 silly mapToRegistry   escapedName: 'express-generator',
12 silly mapToRegistry   name: 'express-generator',
12 silly mapToRegistry   rawSpec: '',
12 silly mapToRegistry   spec: 'latest',
12 silly mapToRegistry   type: 'tag' }
13 silly mapToRegistry uri https://registry.npmjs.org/express-generator
14 verbose request uri https://registry.npmjs.org/express-generator
15 verbose request no auth needed
16 info attempt registry request try #1 at 10:21:32 PM
17 verbose request id 7ee9c668a6f8d223
18 http request GET https://registry.npmjs.org/express-generator
19 http 200 https://registry.npmjs.org/express-generator
20 verbose headers { server: 'CouchDB/1.6.1 (Erlang OTP/R16B03)',
20 verbose headers   etag: '"EBQWT2XKP8QV9MMJXYDJADA62"',
20 verbose headers   'content-type': 'application/json',
20 verbose headers   'content-encoding': 'gzip',
20 verbose headers   'cache-control': 'max-age=300',
20 verbose headers   'content-length': '4738',
20 verbose headers   'accept-ranges': 'bytes',
20 verbose headers   date: 'Fri, 14 Oct 2016 22:21:51 GMT',
20 verbose headers   via: '1.1 varnish',
20 verbose headers   age: '0',
20 verbose headers   connection: 'keep-alive',
20 verbose headers   'x-served-by': 'cache-jfk8132-JFK',
20 verbose headers   'x-cache': 'HIT',
20 verbose headers   'x-cache-hits': '1',
20 verbose headers   'x-timer': 'S1476483711.846556,VS0,VE98',
20 verbose headers   vary: 'Accept-Encoding' }
21 silly get cb [ 200,
21 silly get   { server: 'CouchDB/1.6.1 (Erlang OTP/R16B03)',
21 silly get     etag: '"EBQWT2XKP8QV9MMJXYDJADA62"',
21 silly get     'content-type': 'application/json',
21 silly get     'content-encoding': 'gzip',
21 silly get     'cache-control': 'max-age=300',
21 silly get     'content-length': '4738',
21 silly get     'accept-ranges': 'bytes',
21 silly get     date: 'Fri, 14 Oct 2016 22:21:51 GMT',
21 silly get     via: '1.1 varnish',
21 silly get     age: '0',
21 silly get     connection: 'keep-alive',
21 silly get     'x-served-by': 'cache-jfk8132-JFK',
21 silly get     'x-cache': 'HIT',
21 silly get     'x-cache-hits': '1',
21 silly get     'x-timer': 'S1476483711.846556,VS0,VE98',
21 silly get     vary: 'Accept-Encoding' } ]
22 verbose get saving express-generator to /home/vagrant/.npm/registry.npmjs.org/express-generator/.cache.json
23 verbose correctMkdir /home/vagrant/.npm correctMkdir not in flight; initializing
24 silly install normalizeTree
25 silly loadCurrentTree Finishing
26 silly loadIdealTree Starting
27 silly install loadIdealTree
28 silly cloneCurrentTree Starting
29 silly install cloneCurrentTreeToIdealTree
30 silly cloneCurrentTree Finishing
31 silly loadShrinkwrap Starting
32 silly install loadShrinkwrap
33 silly loadShrinkwrap Finishing
34 silly loadAllDepsIntoIdealTree Starting
35 silly install loadAllDepsIntoIdealTree
36 silly resolveWithNewModule express-generator@4.13.4 checking installable status
37 silly cache add args [ 'express-generator@4.x', null ]
38 verbose cache add spec express-generator@4.x
39 silly cache add parsed spec Result {
39 silly cache add   raw: 'express-generator@4.x',
39 silly cache add   scope: null,
39 silly cache add   escapedName: 'express-generator',
39 silly cache add   name: 'express-generator',
39 silly cache add   rawSpec: '4.x',
39 silly cache add   spec: '>=4.0.0 <5.0.0',
39 silly cache add   type: 'range' }
40 silly addNamed express-generator@>=4.0.0 <5.0.0
41 verbose addNamed ">=4.0.0 <5.0.0" is a valid semver range for express-generator
42 silly addNameRange { name: 'express-generator',
42 silly addNameRange   range: '>=4.0.0 <5.0.0',
42 silly addNameRange   hasData: false }
43 silly mapToRegistry name express-generator
44 silly mapToRegistry using default registry
45 silly mapToRegistry registry https://registry.npmjs.org/
46 silly mapToRegistry data Result {
46 silly mapToRegistry   raw: 'express-generator',
46 silly mapToRegistry   scope: null,
46 silly mapToRegistry   escapedName: 'express-generator',
46 silly mapToRegistry   name: 'express-generator',
46 silly mapToRegistry   rawSpec: '',
46 silly mapToRegistry   spec: 'latest',
46 silly mapToRegistry   type: 'tag' }
47 silly mapToRegistry uri https://registry.npmjs.org/express-generator
48 verbose addNameRange registry:https://registry.npmjs.org/express-generator not in flight; fetching
49 verbose get https://registry.npmjs.org/express-generator not expired, no request
50 silly addNameRange number 2 { name: 'express-generator',
50 silly addNameRange   range: '>=4.0.0 <5.0.0',
50 silly addNameRange   hasData: true }
51 silly addNameRange versions [ 'express-generator',
51 silly addNameRange   [ '1.0.0',
51 silly addNameRange     '3.0.0',
51 silly addNameRange     '4.0.0',
51 silly addNameRange     '4.2.0',
51 silly addNameRange     '4.8.0',
51 silly addNameRange     '4.9.0',
51 silly addNameRange     '4.10.0',
51 silly addNameRange     '4.11.0',
51 silly addNameRange     '4.11.1',
51 silly addNameRange     '4.11.2',
51 silly addNameRange     '4.12.0',
51 silly addNameRange     '4.12.1',
51 silly addNameRange     '4.12.4',
51 silly addNameRange     '4.13.0',
51 silly addNameRange     '4.13.1',
51 silly addNameRange     '4.13.4' ] ]
52 silly addNamed express-generator@4.13.4
53 verbose addNamed "4.13.4" is a plain semver version for express-generator
54 silly mapToRegistry name express-generator
55 silly mapToRegistry using default registry
56 silly mapToRegistry registry https://registry.npmjs.org/
57 silly mapToRegistry data Result {
57 silly mapToRegistry   raw: 'express-generator',
57 silly mapToRegistry   scope: null,
57 silly mapToRegistry   escapedName: 'express-generator',
57 silly mapToRegistry   name: 'express-generator',
57 silly mapToRegistry   rawSpec: '',
57 silly mapToRegistry   spec: 'latest',
57 silly mapToRegistry   type: 'tag' }
58 silly mapToRegistry uri https://registry.npmjs.org/express-generator
59 verbose addRemoteTarball https://registry.npmjs.org/express-generator/-/express-generator-4.13.4.tgz not in flight; adding
60 verbose addRemoteTarball [ 'https://registry.npmjs.org/express-generator/-/express-generator-4.13.4.tgz',
60 verbose addRemoteTarball   '3abec2e5e7b548820075024954ff7fa6a447e5eb' ]
61 info retry fetch attempt 1 at 10:21:38 PM
62 info attempt registry request try #1 at 10:21:38 PM
63 http fetch GET https://registry.npmjs.org/express-generator/-/express-generator-4.13.4.tgz
64 http fetch 200 https://registry.npmjs.org/express-generator/-/express-generator-4.13.4.tgz
65 silly fetchAndShaCheck shasum 3abec2e5e7b548820075024954ff7fa6a447e5eb
66 verbose addTmpTarball /tmp/npm-6261-bd007177/registry.npmjs.org/express-generator/-/express-generator-4.13.4.tgz not in flight; adding
67 verbose addTmpTarball already have metadata; skipping unpack for express-generator@4.13.4
68 verbose correctMkdir /home/vagrant/.npm correctMkdir not in flight; initializing
69 silly cache afterAdd express-generator@4.13.4
70 verbose afterAdd /home/vagrant/.npm/express-generator/4.13.4/package/package.json not in flight; writing
71 verbose correctMkdir /home/vagrant/.npm correctMkdir not in flight; initializing
72 verbose afterAdd /home/vagrant/.npm/express-generator/4.13.4/package/package.json written
73 silly fetchNamedPackageData commander
74 silly mapToRegistry name commander
75 silly mapToRegistry using default registry
76 silly mapToRegistry registry https://registry.npmjs.org/
77 silly mapToRegistry data Result {
77 silly mapToRegistry   raw: 'commander',
77 silly mapToRegistry   scope: null,
77 silly mapToRegistry   escapedName: 'commander',
77 silly mapToRegistry   name: 'commander',
77 silly mapToRegistry   rawSpec: '',
77 silly mapToRegistry   spec: 'latest',
77 silly mapToRegistry   type: 'tag' }
78 silly mapToRegistry uri https://registry.npmjs.org/commander
79 silly fetchNamedPackageData mkdirp
80 silly mapToRegistry name mkdirp
81 silly mapToRegistry using default registry
82 silly mapToRegistry registry https://registry.npmjs.org/
83 silly mapToRegistry data Result {
83 silly mapToRegistry   raw: 'mkdirp',
83 silly mapToRegistry   scope: null,
83 silly mapToRegistry   escapedName: 'mkdirp',
83 silly mapToRegistry   name: 'mkdirp',
83 silly mapToRegistry   rawSpec: '',
83 silly mapToRegistry   spec: 'latest',
83 silly mapToRegistry   type: 'tag' }
84 silly mapToRegistry uri https://registry.npmjs.org/mkdirp
85 silly fetchNamedPackageData sorted-object
86 silly mapToRegistry name sorted-object
87 silly mapToRegistry using default registry
88 silly mapToRegistry registry https://registry.npmjs.org/
89 silly mapToRegistry data Result {
89 silly mapToRegistry   raw: 'sorted-object',
89 silly mapToRegistry   scope: null,
89 silly mapToRegistry   escapedName: 'sorted-object',
89 silly mapToRegistry   name: 'sorted-object',
89 silly mapToRegistry   rawSpec: '',
89 silly mapToRegistry   spec: 'latest',
89 silly mapToRegistry   type: 'tag' }
90 silly mapToRegistry uri https://registry.npmjs.org/sorted-object
91 verbose request uri https://registry.npmjs.org/commander
92 verbose request no auth needed
93 info attempt registry request try #1 at 10:21:38 PM
94 http request GET https://registry.npmjs.org/commander
95 verbose request uri https://registry.npmjs.org/mkdirp
96 verbose request no auth needed
97 info attempt registry request try #1 at 10:21:38 PM
98 http request GET https://registry.npmjs.org/mkdirp
99 verbose request uri https://registry.npmjs.org/sorted-object
100 verbose request no auth needed
101 info attempt registry request try #1 at 10:21:38 PM
102 http request GET https://registry.npmjs.org/sorted-object
103 http 200 https://registry.npmjs.org/commander
104 verbose headers { server: 'CouchDB/1.6.1 (Erlang OTP/R16B03)',
104 verbose headers   etag: '"AP669VA85Z6ZJ3JBF5PJ9Z8IY"',
104 verbose headers   'content-type': 'application/json',
104 verbose headers   'content-encoding': 'gzip',
104 verbose headers   'cache-control': 'max-age=300',
104 verbose headers   'content-length': '13439',
104 verbose headers   'accept-ranges': 'bytes',
104 verbose headers   date: 'Fri, 14 Oct 2016 22:21:52 GMT',
104 verbose headers   via: '1.1 varnish',
104 verbose headers   age: '137',
104 verbose headers   connection: 'keep-alive',
104 verbose headers   'x-served-by': 'cache-jfk8132-JFK',
104 verbose headers   'x-cache': 'HIT',
104 verbose headers   'x-cache-hits': '1',
104 verbose headers   'x-timer': 'S1476483712.483303,VS0,VE0',
104 verbose headers   vary: 'Accept-Encoding' }
105 silly get cb [ 200,
105 silly get   { server: 'CouchDB/1.6.1 (Erlang OTP/R16B03)',
105 silly get     etag: '"AP669VA85Z6ZJ3JBF5PJ9Z8IY"',
105 silly get     'content-type': 'application/json',
105 silly get     'content-encoding': 'gzip',
105 silly get     'cache-control': 'max-age=300',
105 silly get     'content-length': '13439',
105 silly get     'accept-ranges': 'bytes',
105 silly get     date: 'Fri, 14 Oct 2016 22:21:52 GMT',
105 silly get     via: '1.1 varnish',
105 silly get     age: '137',
105 silly get     connection: 'keep-alive',
105 silly get     'x-served-by': 'cache-jfk8132-JFK',
105 silly get     'x-cache': 'HIT',
105 silly get     'x-cache-hits': '1',
105 silly get     'x-timer': 'S1476483712.483303,VS0,VE0',
105 silly get     vary: 'Accept-Encoding' } ]
106 verbose get saving commander to /home/vagrant/.npm/registry.npmjs.org/commander/.cache.json
107 verbose correctMkdir /home/vagrant/.npm correctMkdir not in flight; initializing
108 silly resolveWithNewModule commander@2.7.1 checking installable status
109 silly cache add args [ 'commander@2.7.1', null ]
110 verbose cache add spec commander@2.7.1
111 silly cache add parsed spec Result {
111 silly cache add   raw: 'commander@2.7.1',
111 silly cache add   scope: null,
111 silly cache add   escapedName: 'commander',
111 silly cache add   name: 'commander',
111 silly cache add   rawSpec: '2.7.1',
111 silly cache add   spec: '2.7.1',
111 silly cache add   type: 'version' }
112 silly addNamed commander@2.7.1
113 verbose addNamed "2.7.1" is a plain semver version for commander
114 silly mapToRegistry name commander
115 silly mapToRegistry using default registry
116 silly mapToRegistry registry https://registry.npmjs.org/
117 silly mapToRegistry data Result {
117 silly mapToRegistry   raw: 'commander',
117 silly mapToRegistry   scope: null,
117 silly mapToRegistry   escapedName: 'commander',
117 silly mapToRegistry   name: 'commander',
117 silly mapToRegistry   rawSpec: '',
117 silly mapToRegistry   spec: 'latest',
117 silly mapToRegistry   type: 'tag' }
118 silly mapToRegistry uri https://registry.npmjs.org/commander
119 verbose addNameVersion registry:https://registry.npmjs.org/commander not in flight; fetching
120 verbose get https://registry.npmjs.org/commander not expired, no request
121 silly mapToRegistry name commander
122 silly mapToRegistry using default registry
123 silly mapToRegistry registry https://registry.npmjs.org/
124 silly mapToRegistry data Result {
124 silly mapToRegistry   raw: 'commander',
124 silly mapToRegistry   scope: null,
124 silly mapToRegistry   escapedName: 'commander',
124 silly mapToRegistry   name: 'commander',
124 silly mapToRegistry   rawSpec: '',
124 silly mapToRegistry   spec: 'latest',
124 silly mapToRegistry   type: 'tag' }
125 silly mapToRegistry uri https://registry.npmjs.org/commander
126 verbose addRemoteTarball https://registry.npmjs.org/commander/-/commander-2.7.1.tgz not in flight; adding
127 verbose addRemoteTarball [ 'https://registry.npmjs.org/commander/-/commander-2.7.1.tgz',
127 verbose addRemoteTarball   '5d419a2bbed2c32ee3e4dca9bb45ab83ecc3065a' ]
128 info retry fetch attempt 1 at 10:21:38 PM
129 info attempt registry request try #1 at 10:21:38 PM
130 http fetch GET https://registry.npmjs.org/commander/-/commander-2.7.1.tgz
131 http fetch 200 https://registry.npmjs.org/commander/-/commander-2.7.1.tgz
132 http 200 https://registry.npmjs.org/mkdirp
133 verbose headers { server: 'CouchDB/1.5.0 (Erlang OTP/R16B03)',
133 verbose headers   etag: '"CILRTMC9W6SL3QHCQ40H4ZOD9"',
133 verbose headers   'content-type': 'application/json',
133 verbose headers   'content-encoding': 'gzip',
133 verbose headers   'cache-control': 'max-age=300',
133 verbose headers   'content-length': '5011',
133 verbose headers   'accept-ranges': 'bytes',
133 verbose headers   date: 'Fri, 14 Oct 2016 22:21:52 GMT',
133 verbose headers   via: '1.1 varnish',
133 verbose headers   age: '62',
133 verbose headers   connection: 'keep-alive',
133 verbose headers   'x-served-by': 'cache-jfk8136-JFK',
133 verbose headers   'x-cache': 'HIT',
133 verbose headers   'x-cache-hits': '3',
133 verbose headers   'x-timer': 'S1476483712.572782,VS0,VE0',
133 verbose headers   vary: 'Accept-Encoding' }
134 silly get cb [ 200,
134 silly get   { server: 'CouchDB/1.5.0 (Erlang OTP/R16B03)',
134 silly get     etag: '"CILRTMC9W6SL3QHCQ40H4ZOD9"',
134 silly get     'content-type': 'application/json',
134 silly get     'content-encoding': 'gzip',
134 silly get     'cache-control': 'max-age=300',
134 silly get     'content-length': '5011',
134 silly get     'accept-ranges': 'bytes',
134 silly get     date: 'Fri, 14 Oct 2016 22:21:52 GMT',
134 silly get     via: '1.1 varnish',
134 silly get     age: '62',
134 silly get     connection: 'keep-alive',
134 silly get     'x-served-by': 'cache-jfk8136-JFK',
134 silly get     'x-cache': 'HIT',
134 silly get     'x-cache-hits': '3',
134 silly get     'x-timer': 'S1476483712.572782,VS0,VE0',
134 silly get     vary: 'Accept-Encoding' } ]
135 verbose get saving mkdirp to /home/vagrant/.npm/registry.npmjs.org/mkdirp/.cache.json
136 verbose correctMkdir /home/vagrant/.npm correctMkdir not in flight; initializing
137 silly fetchAndShaCheck shasum 5d419a2bbed2c32ee3e4dca9bb45ab83ecc3065a
138 verbose addTmpTarball /tmp/npm-6261-bd007177/registry.npmjs.org/commander/-/commander-2.7.1.tgz not in flight; adding
139 verbose addTmpTarball already have metadata; skipping unpack for commander@2.7.1
140 verbose correctMkdir /home/vagrant/.npm correctMkdir not in flight; initializing
141 silly resolveWithNewModule mkdirp@0.5.1 checking installable status
142 silly cache add args [ 'mkdirp@0.5.1', null ]
143 verbose cache add spec mkdirp@0.5.1
144 silly cache add parsed spec Result {
144 silly cache add   raw: 'mkdirp@0.5.1',
144 silly cache add   scope: null,
144 silly cache add   escapedName: 'mkdirp',
144 silly cache add   name: 'mkdirp',
144 silly cache add   rawSpec: '0.5.1',
144 silly cache add   spec: '0.5.1',
144 silly cache add   type: 'version' }
145 silly addNamed mkdirp@0.5.1
146 verbose addNamed "0.5.1" is a plain semver version for mkdirp
147 silly mapToRegistry name mkdirp
148 silly mapToRegistry using default registry
149 silly mapToRegistry registry https://registry.npmjs.org/
150 silly mapToRegistry data Result {
150 silly mapToRegistry   raw: 'mkdirp',
150 silly mapToRegistry   scope: null,
150 silly mapToRegistry   escapedName: 'mkdirp',
150 silly mapToRegistry   name: 'mkdirp',
150 silly mapToRegistry   rawSpec: '',
150 silly mapToRegistry   spec: 'latest',
150 silly mapToRegistry   type: 'tag' }
151 silly mapToRegistry uri https://registry.npmjs.org/mkdirp
152 verbose addNameVersion registry:https://registry.npmjs.org/mkdirp not in flight; fetching
153 verbose get https://registry.npmjs.org/mkdirp not expired, no request
154 silly mapToRegistry name mkdirp
155 silly mapToRegistry using default registry
156 silly mapToRegistry registry https://registry.npmjs.org/
157 silly mapToRegistry data Result {
157 silly mapToRegistry   raw: 'mkdirp',
157 silly mapToRegistry   scope: null,
157 silly mapToRegistry   escapedName: 'mkdirp',
157 silly mapToRegistry   name: 'mkdirp',
157 silly mapToRegistry   rawSpec: '',
157 silly mapToRegistry   spec: 'latest',
157 silly mapToRegistry   type: 'tag' }
158 silly mapToRegistry uri https://registry.npmjs.org/mkdirp
159 verbose addRemoteTarball https://registry.npmjs.org/mkdirp/-/mkdirp-0.5.1.tgz not in flight; adding
160 verbose addRemoteTarball [ 'https://registry.npmjs.org/mkdirp/-/mkdirp-0.5.1.tgz',
160 verbose addRemoteTarball   '30057438eac6cf7f8c4767f38648d6697d75c903' ]
161 info retry fetch attempt 1 at 10:21:38 PM
162 info attempt registry request try #1 at 10:21:38 PM
163 http fetch GET https://registry.npmjs.org/mkdirp/-/mkdirp-0.5.1.tgz
164 silly cache afterAdd commander@2.7.1
165 verbose afterAdd /home/vagrant/.npm/commander/2.7.1/package/package.json not in flight; writing
166 verbose correctMkdir /home/vagrant/.npm correctMkdir not in flight; initializing
167 verbose afterAdd /home/vagrant/.npm/commander/2.7.1/package/package.json written
168 http fetch 200 https://registry.npmjs.org/mkdirp/-/mkdirp-0.5.1.tgz
169 silly fetchAndShaCheck shasum 30057438eac6cf7f8c4767f38648d6697d75c903
170 verbose addTmpTarball /tmp/npm-6261-bd007177/registry.npmjs.org/mkdirp/-/mkdirp-0.5.1.tgz not in flight; adding
171 verbose addTmpTarball already have metadata; skipping unpack for mkdirp@0.5.1
172 verbose correctMkdir /home/vagrant/.npm correctMkdir not in flight; initializing
173 silly cache afterAdd mkdirp@0.5.1
174 verbose afterAdd /home/vagrant/.npm/mkdirp/0.5.1/package/package.json not in flight; writing
175 verbose correctMkdir /home/vagrant/.npm correctMkdir not in flight; initializing
176 verbose afterAdd /home/vagrant/.npm/mkdirp/0.5.1/package/package.json written
177 http 200 https://registry.npmjs.org/sorted-object
178 verbose headers { server: 'CouchDB/1.6.1 (Erlang OTP/R16B03)',
178 verbose headers   etag: '"27R273M6KXDTRMCP5XWO1KLEV"',
178 verbose headers   'content-type': 'application/json',
178 verbose headers   'content-encoding': 'gzip',
178 verbose headers   'cache-control': 'max-age=300',
178 verbose headers   'content-length': '1742',
178 verbose headers   'accept-ranges': 'bytes',
178 verbose headers   date: 'Fri, 14 Oct 2016 22:21:57 GMT',
178 verbose headers   via: '1.1 varnish',
178 verbose headers   age: '186',
178 verbose headers   connection: 'keep-alive',
178 verbose headers   'x-served-by': 'cache-jfk8147-JFK',
178 verbose headers   'x-cache': 'HIT',
178 verbose headers   'x-cache-hits': '1',
178 verbose headers   'x-timer': 'S1476483717.597394,VS0,VE0',
178 verbose headers   vary: 'Accept-Encoding' }
179 silly get cb [ 200,
179 silly get   { server: 'CouchDB/1.6.1 (Erlang OTP/R16B03)',
179 silly get     etag: '"27R273M6KXDTRMCP5XWO1KLEV"',
179 silly get     'content-type': 'application/json',
179 silly get     'content-encoding': 'gzip',
179 silly get     'cache-control': 'max-age=300',
179 silly get     'content-length': '1742',
179 silly get     'accept-ranges': 'bytes',
179 silly get     date: 'Fri, 14 Oct 2016 22:21:57 GMT',
179 silly get     via: '1.1 varnish',
179 silly get     age: '186',
179 silly get     connection: 'keep-alive',
179 silly get     'x-served-by': 'cache-jfk8147-JFK',
179 silly get     'x-cache': 'HIT',
179 silly get     'x-cache-hits': '1',
179 silly get     'x-timer': 'S1476483717.597394,VS0,VE0',
179 silly get     vary: 'Accept-Encoding' } ]
180 verbose get saving sorted-object to /home/vagrant/.npm/registry.npmjs.org/sorted-object/.cache.json
181 verbose correctMkdir /home/vagrant/.npm correctMkdir not in flight; initializing
182 silly resolveWithNewModule sorted-object@2.0.0 checking installable status
183 silly cache add args [ 'sorted-object@2.0.0', null ]
184 verbose cache add spec sorted-object@2.0.0
185 silly cache add parsed spec Result {
185 silly cache add   raw: 'sorted-object@2.0.0',
185 silly cache add   scope: null,
185 silly cache add   escapedName: 'sorted-object',
185 silly cache add   name: 'sorted-object',
185 silly cache add   rawSpec: '2.0.0',
185 silly cache add   spec: '2.0.0',
185 silly cache add   type: 'version' }
186 silly addNamed sorted-object@2.0.0
187 verbose addNamed "2.0.0" is a plain semver version for sorted-object
188 silly mapToRegistry name sorted-object
189 silly mapToRegistry using default registry
190 silly mapToRegistry registry https://registry.npmjs.org/
191 silly mapToRegistry data Result {
191 silly mapToRegistry   raw: 'sorted-object',
191 silly mapToRegistry   scope: null,
191 silly mapToRegistry   escapedName: 'sorted-object',
191 silly mapToRegistry   name: 'sorted-object',
191 silly mapToRegistry   rawSpec: '',
191 silly mapToRegistry   spec: 'latest',
191 silly mapToRegistry   type: 'tag' }
192 silly mapToRegistry uri https://registry.npmjs.org/sorted-object
193 verbose addNameVersion registry:https://registry.npmjs.org/sorted-object not in flight; fetching
194 verbose get https://registry.npmjs.org/sorted-object not expired, no request
195 silly mapToRegistry name sorted-object
196 silly mapToRegistry using default registry
197 silly mapToRegistry registry https://registry.npmjs.org/
198 silly mapToRegistry data Result {
198 silly mapToRegistry   raw: 'sorted-object',
198 silly mapToRegistry   scope: null,
198 silly mapToRegistry   escapedName: 'sorted-object',
198 silly mapToRegistry   name: 'sorted-object',
198 silly mapToRegistry   rawSpec: '',
198 silly mapToRegistry   spec: 'latest',
198 silly mapToRegistry   type: 'tag' }
199 silly mapToRegistry uri https://registry.npmjs.org/sorted-object
200 verbose addRemoteTarball https://registry.npmjs.org/sorted-object/-/sorted-object-2.0.0.tgz not in flight; adding
201 verbose addRemoteTarball [ 'https://registry.npmjs.org/sorted-object/-/sorted-object-2.0.0.tgz',
201 verbose addRemoteTarball   '1cfea981609047d8043807a490a9d99b317faf7f' ]
202 info retry fetch attempt 1 at 10:21:43 PM
203 info attempt registry request try #1 at 10:21:43 PM
204 http fetch GET https://registry.npmjs.org/sorted-object/-/sorted-object-2.0.0.tgz
205 http fetch 200 https://registry.npmjs.org/sorted-object/-/sorted-object-2.0.0.tgz
206 silly fetchAndShaCheck shasum 1cfea981609047d8043807a490a9d99b317faf7f
207 verbose addTmpTarball /tmp/npm-6261-bd007177/registry.npmjs.org/sorted-object/-/sorted-object-2.0.0.tgz not in flight; adding
208 verbose addTmpTarball already have metadata; skipping unpack for sorted-object@2.0.0
209 verbose correctMkdir /home/vagrant/.npm correctMkdir not in flight; initializing
210 silly cache afterAdd sorted-object@2.0.0
211 verbose afterAdd /home/vagrant/.npm/sorted-object/2.0.0/package/package.json not in flight; writing
212 verbose correctMkdir /home/vagrant/.npm correctMkdir not in flight; initializing
213 verbose afterAdd /home/vagrant/.npm/sorted-object/2.0.0/package/package.json written
214 silly fetchNamedPackageData graceful-readlink
215 silly mapToRegistry name graceful-readlink
216 silly mapToRegistry using default registry
217 silly mapToRegistry registry https://registry.npmjs.org/
218 silly mapToRegistry data Result {
218 silly mapToRegistry   raw: 'graceful-readlink',
218 silly mapToRegistry   scope: null,
218 silly mapToRegistry   escapedName: 'graceful-readlink',
218 silly mapToRegistry   name: 'graceful-readlink',
218 silly mapToRegistry   rawSpec: '',
218 silly mapToRegistry   spec: 'latest',
218 silly mapToRegistry   type: 'tag' }
219 silly mapToRegistry uri https://registry.npmjs.org/graceful-readlink
220 verbose request uri https://registry.npmjs.org/graceful-readlink
221 verbose request no auth needed
222 info attempt registry request try #1 at 10:21:43 PM
223 http request GET https://registry.npmjs.org/graceful-readlink
224 http 200 https://registry.npmjs.org/graceful-readlink
225 verbose headers { server: 'CouchDB/1.5.0 (Erlang OTP/R16B03)',
225 verbose headers   etag: '"4Y89F8JDJP0YPHGBB0IMVMPJA"',
225 verbose headers   'content-type': 'application/json',
225 verbose headers   'content-encoding': 'gzip',
225 verbose headers   'cache-control': 'max-age=300',
225 verbose headers   'content-length': '1008',
225 verbose headers   'accept-ranges': 'bytes',
225 verbose headers   date: 'Fri, 14 Oct 2016 22:21:57 GMT',
225 verbose headers   via: '1.1 varnish',
225 verbose headers   age: '67',
225 verbose headers   connection: 'keep-alive',
225 verbose headers   'x-served-by': 'cache-jfk8136-JFK',
225 verbose headers   'x-cache': 'HIT',
225 verbose headers   'x-cache-hits': '1',
225 verbose headers   'x-timer': 'S1476483717.727370,VS0,VE0',
225 verbose headers   vary: 'Accept-Encoding' }
226 silly get cb [ 200,
226 silly get   { server: 'CouchDB/1.5.0 (Erlang OTP/R16B03)',
226 silly get     etag: '"4Y89F8JDJP0YPHGBB0IMVMPJA"',
226 silly get     'content-type': 'application/json',
226 silly get     'content-encoding': 'gzip',
226 silly get     'cache-control': 'max-age=300',
226 silly get     'content-length': '1008',
226 silly get     'accept-ranges': 'bytes',
226 silly get     date: 'Fri, 14 Oct 2016 22:21:57 GMT',
226 silly get     via: '1.1 varnish',
226 silly get     age: '67',
226 silly get     connection: 'keep-alive',
226 silly get     'x-served-by': 'cache-jfk8136-JFK',
226 silly get     'x-cache': 'HIT',
226 silly get     'x-cache-hits': '1',
226 silly get     'x-timer': 'S1476483717.727370,VS0,VE0',
226 silly get     vary: 'Accept-Encoding' } ]
227 verbose get saving graceful-readlink to /home/vagrant/.npm/registry.npmjs.org/graceful-readlink/.cache.json
228 verbose correctMkdir /home/vagrant/.npm correctMkdir not in flight; initializing
229 silly resolveWithNewModule graceful-readlink@1.0.1 checking installable status
230 silly cache add args [ 'graceful-readlink@>= 1.0.0', null ]
231 verbose cache add spec graceful-readlink@>= 1.0.0
232 silly cache add parsed spec Result {
232 silly cache add   raw: 'graceful-readlink@>= 1.0.0',
232 silly cache add   scope: null,
232 silly cache add   escapedName: 'graceful-readlink',
232 silly cache add   name: 'graceful-readlink',
232 silly cache add   rawSpec: '>= 1.0.0',
232 silly cache add   spec: '>=1.0.0',
232 silly cache add   type: 'range' }
233 silly addNamed graceful-readlink@>=1.0.0
234 verbose addNamed ">=1.0.0" is a valid semver range for graceful-readlink
235 silly addNameRange { name: 'graceful-readlink', range: '>=1.0.0', hasData: false }
236 silly mapToRegistry name graceful-readlink
237 silly mapToRegistry using default registry
238 silly mapToRegistry registry https://registry.npmjs.org/
239 silly mapToRegistry data Result {
239 silly mapToRegistry   raw: 'graceful-readlink',
239 silly mapToRegistry   scope: null,
239 silly mapToRegistry   escapedName: 'graceful-readlink',
239 silly mapToRegistry   name: 'graceful-readlink',
239 silly mapToRegistry   rawSpec: '',
239 silly mapToRegistry   spec: 'latest',
239 silly mapToRegistry   type: 'tag' }
240 silly mapToRegistry uri https://registry.npmjs.org/graceful-readlink
241 verbose addNameRange registry:https://registry.npmjs.org/graceful-readlink not in flight; fetching
242 verbose get https://registry.npmjs.org/graceful-readlink not expired, no request
243 silly addNameRange number 2 { name: 'graceful-readlink', range: '>=1.0.0', hasData: true }
244 silly addNameRange versions [ 'graceful-readlink', [ '1.0.0', '1.0.1' ] ]
245 silly addNamed graceful-readlink@1.0.1
246 verbose addNamed "1.0.1" is a plain semver version for graceful-readlink
247 silly mapToRegistry name graceful-readlink
248 silly mapToRegistry using default registry
249 silly mapToRegistry registry https://registry.npmjs.org/
250 silly mapToRegistry data Result {
250 silly mapToRegistry   raw: 'graceful-readlink',
250 silly mapToRegistry   scope: null,
250 silly mapToRegistry   escapedName: 'graceful-readlink',
250 silly mapToRegistry   name: 'graceful-readlink',
250 silly mapToRegistry   rawSpec: '',
250 silly mapToRegistry   spec: 'latest',
250 silly mapToRegistry   type: 'tag' }
251 silly mapToRegistry uri https://registry.npmjs.org/graceful-readlink
252 verbose addRemoteTarball https://registry.npmjs.org/graceful-readlink/-/graceful-readlink-1.0.1.tgz not in flight; adding
253 verbose addRemoteTarball [ 'https://registry.npmjs.org/graceful-readlink/-/graceful-readlink-1.0.1.tgz',
253 verbose addRemoteTarball   '4cafad76bc62f02fa039b2f94e9a3dd3a391a725' ]
254 info retry fetch attempt 1 at 10:21:43 PM
255 info attempt registry request try #1 at 10:21:43 PM
256 http fetch GET https://registry.npmjs.org/graceful-readlink/-/graceful-readlink-1.0.1.tgz
257 http fetch 200 https://registry.npmjs.org/graceful-readlink/-/graceful-readlink-1.0.1.tgz
258 silly fetchAndShaCheck shasum 4cafad76bc62f02fa039b2f94e9a3dd3a391a725
259 verbose addTmpTarball /tmp/npm-6261-bd007177/registry.npmjs.org/graceful-readlink/-/graceful-readlink-1.0.1.tgz not in flight; adding
260 verbose addTmpTarball already have metadata; skipping unpack for graceful-readlink@1.0.1
261 verbose correctMkdir /home/vagrant/.npm correctMkdir not in flight; initializing
262 silly cache afterAdd graceful-readlink@1.0.1
263 verbose afterAdd /home/vagrant/.npm/graceful-readlink/1.0.1/package/package.json not in flight; writing
264 verbose correctMkdir /home/vagrant/.npm correctMkdir not in flight; initializing
265 verbose afterAdd /home/vagrant/.npm/graceful-readlink/1.0.1/package/package.json written
266 silly fetchNamedPackageData minimist
267 silly mapToRegistry name minimist
268 silly mapToRegistry using default registry
269 silly mapToRegistry registry https://registry.npmjs.org/
270 silly mapToRegistry data Result {
270 silly mapToRegistry   raw: 'minimist',
270 silly mapToRegistry   scope: null,
270 silly mapToRegistry   escapedName: 'minimist',
270 silly mapToRegistry   name: 'minimist',
270 silly mapToRegistry   rawSpec: '',
270 silly mapToRegistry   spec: 'latest',
270 silly mapToRegistry   type: 'tag' }
271 silly mapToRegistry uri https://registry.npmjs.org/minimist
272 verbose request uri https://registry.npmjs.org/minimist
273 verbose request no auth needed
274 info attempt registry request try #1 at 10:21:43 PM
275 http request GET https://registry.npmjs.org/minimist
276 http 200 https://registry.npmjs.org/minimist
277 verbose headers { server: 'CouchDB/1.5.0 (Erlang OTP/R16B03)',
277 verbose headers   etag: '"6VPECNN6ADWY7PTFGDASLXYGN"',
277 verbose headers   'content-type': 'application/json',
277 verbose headers   'content-encoding': 'gzip',
277 verbose headers   'cache-control': 'max-age=300',
277 verbose headers   'content-length': '5793',
277 verbose headers   'accept-ranges': 'bytes',
277 verbose headers   date: 'Fri, 14 Oct 2016 22:21:57 GMT',
277 verbose headers   via: '1.1 varnish',
277 verbose headers   age: '219',
277 verbose headers   connection: 'keep-alive',
277 verbose headers   'x-served-by': 'cache-jfk8132-JFK',
277 verbose headers   'x-cache': 'HIT',
277 verbose headers   'x-cache-hits': '6',
277 verbose headers   'x-timer': 'S1476483717.836704,VS0,VE0',
277 verbose headers   vary: 'Accept-Encoding' }
278 silly get cb [ 200,
278 silly get   { server: 'CouchDB/1.5.0 (Erlang OTP/R16B03)',
278 silly get     etag: '"6VPECNN6ADWY7PTFGDASLXYGN"',
278 silly get     'content-type': 'application/json',
278 silly get     'content-encoding': 'gzip',
278 silly get     'cache-control': 'max-age=300',
278 silly get     'content-length': '5793',
278 silly get     'accept-ranges': 'bytes',
278 silly get     date: 'Fri, 14 Oct 2016 22:21:57 GMT',
278 silly get     via: '1.1 varnish',
278 silly get     age: '219',
278 silly get     connection: 'keep-alive',
278 silly get     'x-served-by': 'cache-jfk8132-JFK',
278 silly get     'x-cache': 'HIT',
278 silly get     'x-cache-hits': '6',
278 silly get     'x-timer': 'S1476483717.836704,VS0,VE0',
278 silly get     vary: 'Accept-Encoding' } ]
279 verbose get saving minimist to /home/vagrant/.npm/registry.npmjs.org/minimist/.cache.json
280 verbose correctMkdir /home/vagrant/.npm correctMkdir not in flight; initializing
281 silly resolveWithNewModule minimist@0.0.8 checking installable status
282 silly cache add args [ 'minimist@0.0.8', null ]
283 verbose cache add spec minimist@0.0.8
284 silly cache add parsed spec Result {
284 silly cache add   raw: 'minimist@0.0.8',
284 silly cache add   scope: null,
284 silly cache add   escapedName: 'minimist',
284 silly cache add   name: 'minimist',
284 silly cache add   rawSpec: '0.0.8',
284 silly cache add   spec: '0.0.8',
284 silly cache add   type: 'version' }
285 silly addNamed minimist@0.0.8
286 verbose addNamed "0.0.8" is a plain semver version for minimist
287 silly mapToRegistry name minimist
288 silly mapToRegistry using default registry
289 silly mapToRegistry registry https://registry.npmjs.org/
290 silly mapToRegistry data Result {
290 silly mapToRegistry   raw: 'minimist',
290 silly mapToRegistry   scope: null,
290 silly mapToRegistry   escapedName: 'minimist',
290 silly mapToRegistry   name: 'minimist',
290 silly mapToRegistry   rawSpec: '',
290 silly mapToRegistry   spec: 'latest',
290 silly mapToRegistry   type: 'tag' }
291 silly mapToRegistry uri https://registry.npmjs.org/minimist
292 verbose addNameVersion registry:https://registry.npmjs.org/minimist not in flight; fetching
293 verbose get https://registry.npmjs.org/minimist not expired, no request
294 silly mapToRegistry name minimist
295 silly mapToRegistry using default registry
296 silly mapToRegistry registry https://registry.npmjs.org/
297 silly mapToRegistry data Result {
297 silly mapToRegistry   raw: 'minimist',
297 silly mapToRegistry   scope: null,
297 silly mapToRegistry   escapedName: 'minimist',
297 silly mapToRegistry   name: 'minimist',
297 silly mapToRegistry   rawSpec: '',
297 silly mapToRegistry   spec: 'latest',
297 silly mapToRegistry   type: 'tag' }
298 silly mapToRegistry uri https://registry.npmjs.org/minimist
299 verbose addRemoteTarball https://registry.npmjs.org/minimist/-/minimist-0.0.8.tgz not in flight; adding
300 verbose addRemoteTarball [ 'https://registry.npmjs.org/minimist/-/minimist-0.0.8.tgz',
300 verbose addRemoteTarball   '857fcabfc3397d2625b8228262e86aa7a011b05d' ]
301 info retry fetch attempt 1 at 10:21:43 PM
302 info attempt registry request try #1 at 10:21:43 PM
303 http fetch GET https://registry.npmjs.org/minimist/-/minimist-0.0.8.tgz
304 http fetch 200 https://registry.npmjs.org/minimist/-/minimist-0.0.8.tgz
305 silly fetchAndShaCheck shasum 857fcabfc3397d2625b8228262e86aa7a011b05d
306 verbose addTmpTarball /tmp/npm-6261-bd007177/registry.npmjs.org/minimist/-/minimist-0.0.8.tgz not in flight; adding
307 verbose addTmpTarball already have metadata; skipping unpack for minimist@0.0.8
308 verbose correctMkdir /home/vagrant/.npm correctMkdir not in flight; initializing
309 silly cache afterAdd minimist@0.0.8
310 verbose afterAdd /home/vagrant/.npm/minimist/0.0.8/package/package.json not in flight; writing
311 verbose correctMkdir /home/vagrant/.npm correctMkdir not in flight; initializing
312 verbose afterAdd /home/vagrant/.npm/minimist/0.0.8/package/package.json written
313 silly fetchNamedPackageData mime
314 silly mapToRegistry name mime
315 silly mapToRegistry using default registry
316 silly mapToRegistry registry https://registry.npmjs.org/
317 silly mapToRegistry data Result {
317 silly mapToRegistry   raw: 'mime',
317 silly mapToRegistry   scope: null,
317 silly mapToRegistry   escapedName: 'mime',
317 silly mapToRegistry   name: 'mime',
317 silly mapToRegistry   rawSpec: '',
317 silly mapToRegistry   spec: 'latest',
317 silly mapToRegistry   type: 'tag' }
318 silly mapToRegistry uri https://registry.npmjs.org/mime
319 verbose request uri https://registry.npmjs.org/mime
320 verbose request no auth needed
321 info attempt registry request try #1 at 10:21:44 PM
322 verbose etag "1BW3EWCG5BO55QT4NPZYT0LTC"
323 http request GET https://registry.npmjs.org/mime
324 http 304 https://registry.npmjs.org/mime
325 verbose headers { date: 'Fri, 14 Oct 2016 22:21:58 GMT',
325 verbose headers   via: '1.1 varnish',
325 verbose headers   'cache-control': 'max-age=300',
325 verbose headers   etag: '"1BW3EWCG5BO55QT4NPZYT0LTC"',
325 verbose headers   age: '157',
325 verbose headers   connection: 'keep-alive',
325 verbose headers   'x-served-by': 'cache-jfk8147-JFK',
325 verbose headers   'x-cache': 'HIT',
325 verbose headers   'x-cache-hits': '3',
325 verbose headers   'x-timer': 'S1476483718.097387,VS0,VE0',
325 verbose headers   vary: 'Accept-Encoding' }
326 silly get cb [ 304,
326 silly get   { date: 'Fri, 14 Oct 2016 22:21:58 GMT',
326 silly get     via: '1.1 varnish',
326 silly get     'cache-control': 'max-age=300',
326 silly get     etag: '"1BW3EWCG5BO55QT4NPZYT0LTC"',
326 silly get     age: '157',
326 silly get     connection: 'keep-alive',
326 silly get     'x-served-by': 'cache-jfk8147-JFK',
326 silly get     'x-cache': 'HIT',
326 silly get     'x-cache-hits': '3',
326 silly get     'x-timer': 'S1476483718.097387,VS0,VE0',
326 silly get     vary: 'Accept-Encoding' } ]
327 verbose etag https://registry.npmjs.org/mime from cache
328 verbose get saving mime to /home/vagrant/.npm/registry.npmjs.org/mime/.cache.json
329 verbose correctMkdir /home/vagrant/.npm correctMkdir not in flight; initializing
330 silly resolveWithNewModule mime@1.3.4 checking installable status
331 silly cache add args [ 'mime@1.3.4', null ]
332 verbose cache add spec mime@1.3.4
333 silly cache add parsed spec Result {
333 silly cache add   raw: 'mime@1.3.4',
333 silly cache add   scope: null,
333 silly cache add   escapedName: 'mime',
333 silly cache add   name: 'mime',
333 silly cache add   rawSpec: '1.3.4',
333 silly cache add   spec: '1.3.4',
333 silly cache add   type: 'version' }
334 silly addNamed mime@1.3.4
335 verbose addNamed "1.3.4" is a plain semver version for mime
336 silly mapToRegistry name mime
337 silly mapToRegistry using default registry
338 silly mapToRegistry registry https://registry.npmjs.org/
339 silly mapToRegistry data Result {
339 silly mapToRegistry   raw: 'mime',
339 silly mapToRegistry   scope: null,
339 silly mapToRegistry   escapedName: 'mime',
339 silly mapToRegistry   name: 'mime',
339 silly mapToRegistry   rawSpec: '',
339 silly mapToRegistry   spec: 'latest',
339 silly mapToRegistry   type: 'tag' }
340 silly mapToRegistry uri https://registry.npmjs.org/mime
341 verbose addNameVersion registry:https://registry.npmjs.org/mime not in flight; fetching
342 verbose get https://registry.npmjs.org/mime not expired, no request
343 silly cache afterAdd mime@1.3.4
344 verbose afterAdd /home/vagrant/.npm/mime/1.3.4/package/package.json not in flight; writing
345 verbose correctMkdir /home/vagrant/.npm correctMkdir not in flight; initializing
346 verbose afterAdd /home/vagrant/.npm/mime/1.3.4/package/package.json written
347 silly loadAllDepsIntoIdealTree Finishing
348 silly loadIdealTree Finishing
349 silly currentTree xpress1@0.0.0
349 silly currentTree ├── accepts@1.2.13
349 silly currentTree ├── array-flatten@1.1.1
349 silly currentTree ├── basic-auth@1.0.4
349 silly currentTree ├── body-parser@1.15.2
349 silly currentTree ├── bytes@2.4.0
349 silly currentTree ├── content-disposition@0.5.1
349 silly currentTree ├── content-type@1.0.2
349 silly currentTree ├── cookie-parser@1.4.3
349 silly currentTree ├── cookie-signature@1.0.6
349 silly currentTree ├── cookie@0.3.1
349 silly currentTree ├── debug@2.2.0
349 silly currentTree ├── depd@1.1.0
349 silly currentTree ├── destroy@1.0.4
349 silly currentTree ├── ee-first@1.1.1
349 silly currentTree ├── ejs@2.4.2
349 silly currentTree ├── escape-html@1.0.3
349 silly currentTree ├── etag@1.7.0
349 silly currentTree ├── express-generator
349 silly currentTree ├── finalhandler@0.4.1
349 silly currentTree ├── forwarded@0.1.0
349 silly currentTree ├── fresh@0.3.0
349 silly currentTree ├── http-errors@1.5.0
349 silly currentTree ├── iconv-lite@0.4.13
349 silly currentTree ├── inherits@2.0.1
349 silly currentTree ├── ipaddr.js@1.0.5
349 silly currentTree ├── media-typer@0.3.0
349 silly currentTree ├── merge-descriptors@1.0.1
349 silly currentTree ├── methods@1.1.2
349 silly currentTree ├── mime-db@1.24.0
349 silly currentTree ├── mime-types@2.1.12
349 silly currentTree ├── morgan@1.7.0
349 silly currentTree ├── ms@0.7.1
349 silly currentTree ├── negotiator@0.5.3
349 silly currentTree ├── on-finished@2.3.0
349 silly currentTree ├── on-headers@1.0.1
349 silly currentTree ├── parseurl@1.3.1
349 silly currentTree ├── path-to-regexp@0.1.7
349 silly currentTree ├── proxy-addr@1.0.10
349 silly currentTree ├── qs@6.2.0
349 silly currentTree ├── range-parser@1.0.3
349 silly currentTree ├── raw-body@2.1.7
349 silly currentTree ├─┬ send@0.13.1
349 silly currentTree │ ├── http-errors@1.3.1
349 silly currentTree │ └── statuses@1.2.1
349 silly currentTree ├── serve-favicon@2.3.0
349 silly currentTree ├── setprototypeof@1.0.1
349 silly currentTree ├── statuses@1.3.0
349 silly currentTree ├── type-is@1.6.13
349 silly currentTree ├── unpipe@1.0.0
349 silly currentTree ├── utils-merge@1.0.0
349 silly currentTree └── vary@1.0.1
350 silly idealTree xpress1@0.0.0
350 silly idealTree ├── accepts@1.2.13
350 silly idealTree ├── array-flatten@1.1.1
350 silly idealTree ├── basic-auth@1.0.4
350 silly idealTree ├── body-parser@1.15.2
350 silly idealTree ├── bytes@2.4.0
350 silly idealTree ├── commander@2.7.1
350 silly idealTree ├── content-disposition@0.5.1
350 silly idealTree ├── content-type@1.0.2
350 silly idealTree ├── cookie-parser@1.4.3
350 silly idealTree ├── cookie-signature@1.0.6
350 silly idealTree ├── cookie@0.3.1
350 silly idealTree ├── debug@2.2.0
350 silly idealTree ├── depd@1.1.0
350 silly idealTree ├── destroy@1.0.4
350 silly idealTree ├── ee-first@1.1.1
350 silly idealTree ├── ejs@2.4.2
350 silly idealTree ├── escape-html@1.0.3
350 silly idealTree ├── etag@1.7.0
350 silly idealTree ├── express-generator@4.13.4
350 silly idealTree ├── finalhandler@0.4.1
350 silly idealTree ├── forwarded@0.1.0
350 silly idealTree ├── fresh@0.3.0
350 silly idealTree ├── graceful-readlink@1.0.1
350 silly idealTree ├── http-errors@1.5.0
350 silly idealTree ├── iconv-lite@0.4.13
350 silly idealTree ├── inherits@2.0.1
350 silly idealTree ├── ipaddr.js@1.0.5
350 silly idealTree ├── media-typer@0.3.0
350 silly idealTree ├── merge-descriptors@1.0.1
350 silly idealTree ├── methods@1.1.2
350 silly idealTree ├── mime-db@1.24.0
350 silly idealTree ├── mime-types@2.1.12
350 silly idealTree ├── mime@1.3.4
350 silly idealTree ├── minimist@0.0.8
350 silly idealTree ├── mkdirp@0.5.1
350 silly idealTree ├── morgan@1.7.0
350 silly idealTree ├── ms@0.7.1
350 silly idealTree ├── negotiator@0.5.3
350 silly idealTree ├── on-finished@2.3.0
350 silly idealTree ├── on-headers@1.0.1
350 silly idealTree ├── parseurl@1.3.1
350 silly idealTree ├── path-to-regexp@0.1.7
350 silly idealTree ├── proxy-addr@1.0.10
350 silly idealTree ├── qs@6.2.0
350 silly idealTree ├── range-parser@1.0.3
350 silly idealTree ├── raw-body@2.1.7
350 silly idealTree ├─┬ send@0.13.1
350 silly idealTree │ ├── http-errors@1.3.1
350 silly idealTree │ └── statuses@1.2.1
350 silly idealTree ├── serve-favicon@2.3.0
350 silly idealTree ├── setprototypeof@1.0.1
350 silly idealTree ├── sorted-object@2.0.0
350 silly idealTree ├── statuses@1.3.0
350 silly idealTree ├── type-is@1.6.13
350 silly idealTree ├── unpipe@1.0.0
350 silly idealTree ├── utils-merge@1.0.0
350 silly idealTree └── vary@1.0.1
351 silly generateActionsToTake Starting
352 silly install generateActionsToTake
353 silly generateActionsToTake Finishing
354 silly diffTrees action count 7
355 silly diffTrees add graceful-readlink@1.0.1
356 silly diffTrees add minimist@0.0.8
357 silly diffTrees add commander@2.7.1
358 silly diffTrees add mime@1.3.4
359 silly diffTrees add mkdirp@0.5.1
360 silly diffTrees add sorted-object@2.0.0
361 silly diffTrees update express-generator@4.13.4
362 silly decomposeActions action count 56
363 silly decomposeActions fetch graceful-readlink@1.0.1
364 silly decomposeActions extract graceful-readlink@1.0.1
365 silly decomposeActions test graceful-readlink@1.0.1
366 silly decomposeActions preinstall graceful-readlink@1.0.1
367 silly decomposeActions build graceful-readlink@1.0.1
368 silly decomposeActions install graceful-readlink@1.0.1
369 silly decomposeActions postinstall graceful-readlink@1.0.1
370 silly decomposeActions finalize graceful-readlink@1.0.1
371 silly decomposeActions fetch minimist@0.0.8
372 silly decomposeActions extract minimist@0.0.8
373 silly decomposeActions test minimist@0.0.8
374 silly decomposeActions preinstall minimist@0.0.8
375 silly decomposeActions build minimist@0.0.8
376 silly decomposeActions install minimist@0.0.8
377 silly decomposeActions postinstall minimist@0.0.8
378 silly decomposeActions finalize minimist@0.0.8
379 silly decomposeActions fetch commander@2.7.1
380 silly decomposeActions extract commander@2.7.1
381 silly decomposeActions test commander@2.7.1
382 silly decomposeActions preinstall commander@2.7.1
383 silly decomposeActions build commander@2.7.1
384 silly decomposeActions install commander@2.7.1
385 silly decomposeActions postinstall commander@2.7.1
386 silly decomposeActions finalize commander@2.7.1
387 silly decomposeActions fetch mime@1.3.4
388 silly decomposeActions extract mime@1.3.4
389 silly decomposeActions test mime@1.3.4
390 silly decomposeActions preinstall mime@1.3.4
391 silly decomposeActions build mime@1.3.4
392 silly decomposeActions install mime@1.3.4
393 silly decomposeActions postinstall mime@1.3.4
394 silly decomposeActions finalize mime@1.3.4
395 silly decomposeActions fetch mkdirp@0.5.1
396 silly decomposeActions extract mkdirp@0.5.1
397 silly decomposeActions test mkdirp@0.5.1
398 silly decomposeActions preinstall mkdirp@0.5.1
399 silly decomposeActions build mkdirp@0.5.1
400 silly decomposeActions install mkdirp@0.5.1
401 silly decomposeActions postinstall mkdirp@0.5.1
402 silly decomposeActions finalize mkdirp@0.5.1
403 silly decomposeActions fetch sorted-object@2.0.0
404 silly decomposeActions extract sorted-object@2.0.0
405 silly decomposeActions test sorted-object@2.0.0
406 silly decomposeActions preinstall sorted-object@2.0.0
407 silly decomposeActions build sorted-object@2.0.0
408 silly decomposeActions install sorted-object@2.0.0
409 silly decomposeActions postinstall sorted-object@2.0.0
410 silly decomposeActions finalize sorted-object@2.0.0
411 silly decomposeActions fetch express-generator@4.13.4
412 silly decomposeActions extract express-generator@4.13.4
413 silly decomposeActions test express-generator@4.13.4
414 silly decomposeActions preinstall express-generator@4.13.4
415 silly decomposeActions build express-generator@4.13.4
416 silly decomposeActions install express-generator@4.13.4
417 silly decomposeActions postinstall express-generator@4.13.4
418 silly decomposeActions finalize express-generator@4.13.4
419 silly runTopLevelLifecycles Starting
420 silly executeActions Starting
421 silly install executeActions
422 silly doSerial global-install 0
423 silly doParallel fetch 7
424 verbose correctMkdir /home/vagrant/.npm/_locks correctMkdir not in flight; initializing
425 verbose lock using /home/vagrant/.npm/_locks/staging-7cf3243f4e88752e.lock for /vagrant/xpress1/node_modules/.staging
426 silly doParallel extract 7
427 silly extract graceful-readlink@1.0.1
428 silly extract minimist@0.0.8
429 silly extract commander@2.7.1
430 silly extract mime@1.3.4
431 silly extract mkdirp@0.5.1
432 silly extract sorted-object@2.0.0
433 silly extract express-generator@4.13.4
434 verbose unbuild node_modules/.staging/graceful-readlink-0a975f0b
435 verbose unbuild node_modules/.staging/minimist-d06d4df3
436 verbose unbuild node_modules/.staging/commander-023757ea
437 verbose unbuild node_modules/.staging/sorted-object-2c0a4c20
438 verbose unbuild node_modules/.staging/mime-68654b85
439 verbose unbuild node_modules/.staging/mkdirp-6b1aef20
440 verbose unbuild node_modules/.staging/express-generator-92f8684d
441 silly gentlyRm /vagrant/xpress1/node_modules/.staging/graceful-readlink-0a975f0b is being purged from base /vagrant/xpress1
442 verbose gentlyRm don't care about contents; nuking /vagrant/xpress1/node_modules/.staging/graceful-readlink-0a975f0b
443 silly gentlyRm /vagrant/xpress1/node_modules/.staging/minimist-d06d4df3 is being purged from base /vagrant/xpress1
444 verbose gentlyRm don't care about contents; nuking /vagrant/xpress1/node_modules/.staging/minimist-d06d4df3
445 silly gentlyRm /vagrant/xpress1/node_modules/.staging/commander-023757ea is being purged from base /vagrant/xpress1
446 verbose gentlyRm don't care about contents; nuking /vagrant/xpress1/node_modules/.staging/commander-023757ea
447 silly gentlyRm /vagrant/xpress1/node_modules/.staging/sorted-object-2c0a4c20 is being purged from base /vagrant/xpress1
448 verbose gentlyRm don't care about contents; nuking /vagrant/xpress1/node_modules/.staging/sorted-object-2c0a4c20
449 verbose tar unpack /home/vagrant/.npm/graceful-readlink/1.0.1/package.tgz
450 verbose tar unpacking to /vagrant/xpress1/node_modules/.staging/graceful-readlink-0a975f0b
451 silly gentlyRm /vagrant/xpress1/node_modules/.staging/graceful-readlink-0a975f0b is being purged
452 verbose gentlyRm don't care about contents; nuking /vagrant/xpress1/node_modules/.staging/graceful-readlink-0a975f0b
453 verbose tar unpack /home/vagrant/.npm/minimist/0.0.8/package.tgz
454 verbose tar unpacking to /vagrant/xpress1/node_modules/.staging/minimist-d06d4df3
455 silly gentlyRm /vagrant/xpress1/node_modules/.staging/minimist-d06d4df3 is being purged
456 verbose gentlyRm don't care about contents; nuking /vagrant/xpress1/node_modules/.staging/minimist-d06d4df3
457 silly gentlyRm /vagrant/xpress1/node_modules/.staging/mime-68654b85 is being purged from base /vagrant/xpress1
458 verbose gentlyRm don't care about contents; nuking /vagrant/xpress1/node_modules/.staging/mime-68654b85
459 verbose tar unpack /home/vagrant/.npm/commander/2.7.1/package.tgz
460 verbose tar unpacking to /vagrant/xpress1/node_modules/.staging/commander-023757ea
461 silly gentlyRm /vagrant/xpress1/node_modules/.staging/commander-023757ea is being purged
462 verbose gentlyRm don't care about contents; nuking /vagrant/xpress1/node_modules/.staging/commander-023757ea
463 silly gentlyRm /vagrant/xpress1/node_modules/.staging/express-generator-92f8684d is being purged from base /vagrant/xpress1
464 verbose gentlyRm don't care about contents; nuking /vagrant/xpress1/node_modules/.staging/express-generator-92f8684d
465 silly gentlyRm /vagrant/xpress1/node_modules/.staging/mkdirp-6b1aef20 is being purged from base /vagrant/xpress1
466 verbose gentlyRm don't care about contents; nuking /vagrant/xpress1/node_modules/.staging/mkdirp-6b1aef20
467 verbose tar unpack /home/vagrant/.npm/sorted-object/2.0.0/package.tgz
468 verbose tar unpacking to /vagrant/xpress1/node_modules/.staging/sorted-object-2c0a4c20
469 silly gentlyRm /vagrant/xpress1/node_modules/.staging/sorted-object-2c0a4c20 is being purged
470 verbose gentlyRm don't care about contents; nuking /vagrant/xpress1/node_modules/.staging/sorted-object-2c0a4c20
471 silly gunzTarPerm modes [ '775', '664' ]
472 silly gunzTarPerm modes [ '775', '664' ]
473 verbose tar unpack /home/vagrant/.npm/mime/1.3.4/package.tgz
474 verbose tar unpacking to /vagrant/xpress1/node_modules/.staging/mime-68654b85
475 silly gentlyRm /vagrant/xpress1/node_modules/.staging/mime-68654b85 is being purged
476 verbose gentlyRm don't care about contents; nuking /vagrant/xpress1/node_modules/.staging/mime-68654b85
477 silly gunzTarPerm modes [ '775', '664' ]
478 verbose tar unpack /home/vagrant/.npm/express-generator/4.13.4/package.tgz
479 verbose tar unpacking to /vagrant/xpress1/node_modules/.staging/express-generator-92f8684d
480 silly gentlyRm /vagrant/xpress1/node_modules/.staging/express-generator-92f8684d is being purged
481 verbose gentlyRm don't care about contents; nuking /vagrant/xpress1/node_modules/.staging/express-generator-92f8684d
482 verbose tar unpack /home/vagrant/.npm/mkdirp/0.5.1/package.tgz
483 verbose tar unpacking to /vagrant/xpress1/node_modules/.staging/mkdirp-6b1aef20
484 silly gentlyRm /vagrant/xpress1/node_modules/.staging/mkdirp-6b1aef20 is being purged
485 verbose gentlyRm don't care about contents; nuking /vagrant/xpress1/node_modules/.staging/mkdirp-6b1aef20
486 silly gunzTarPerm modes [ '775', '664' ]
487 silly gunzTarPerm modes [ '775', '664' ]
488 silly gunzTarPerm modes [ '775', '664' ]
489 silly gunzTarPerm modes [ '775', '664' ]
490 silly gunzTarPerm extractEntry package.json
491 silly gunzTarPerm extractEntry package.json
492 silly gunzTarPerm modified mode [ 'package.json', 420, 436 ]
493 silly gunzTarPerm extractEntry package.json
494 silly gunzTarPerm extractEntry package.json
495 silly gunzTarPerm modified mode [ 'package.json', 438, 436 ]
496 silly gunzTarPerm extractEntry package.json
497 silly gunzTarPerm modified mode [ 'package.json', 420, 436 ]
498 silly gunzTarPerm extractEntry package.json
499 silly gunzTarPerm modified mode [ 'package.json', 438, 436 ]
500 silly gunzTarPerm extractEntry package.json
501 silly gunzTarPerm modified mode [ 'package.json', 420, 436 ]
502 silly gunzTarPerm extractEntry .npmignore
503 silly gunzTarPerm extractEntry README.md
504 silly gunzTarPerm extractEntry LICENSE
505 silly gunzTarPerm extractEntry index.js
506 silly gunzTarPerm extractEntry LICENSE
507 silly gunzTarPerm modified mode [ 'LICENSE', 420, 436 ]
508 silly gunzTarPerm extractEntry index.js
509 silly gunzTarPerm modified mode [ 'index.js', 420, 436 ]
510 silly gunzTarPerm extractEntry README.md
511 silly gunzTarPerm modified mode [ 'README.md', 438, 436 ]
512 silly gunzTarPerm extractEntry LICENSE.txt
513 silly gunzTarPerm modified mode [ 'LICENSE.txt', 438, 436 ]
514 silly gunzTarPerm extractEntry .npmignore
515 silly gunzTarPerm modified mode [ '.npmignore', 420, 436 ]
516 silly gunzTarPerm extractEntry README.md
517 silly gunzTarPerm modified mode [ 'README.md', 420, 436 ]
518 silly gunzTarPerm extractEntry README.md
519 silly gunzTarPerm modified mode [ 'README.md', 438, 436 ]
520 silly gunzTarPerm extractEntry LICENSE
521 silly gunzTarPerm modified mode [ 'LICENSE', 438, 436 ]
522 silly gunzTarPerm extractEntry LICENSE
523 silly gunzTarPerm modified mode [ 'LICENSE', 420, 436 ]
524 silly gunzTarPerm extractEntry index.js
525 silly gunzTarPerm modified mode [ 'index.js', 420, 436 ]
526 silly gunzTarPerm extractEntry LICENSE
527 silly gunzTarPerm extractEntry index.js
528 silly gunzTarPerm extractEntry .travis.yml
529 silly gunzTarPerm modified mode [ '.travis.yml', 420, 436 ]
530 silly gunzTarPerm extractEntry example/parse.js
531 silly gunzTarPerm modified mode [ 'example/parse.js', 420, 436 ]
532 silly gunzTarPerm extractEntry History.md
533 silly gunzTarPerm extractEntry lib/sorted-object.js
534 silly gunzTarPerm modified mode [ 'lib/sorted-object.js', 438, 436 ]
535 silly gunzTarPerm extractEntry LICENSE
536 silly gunzTarPerm modified mode [ 'LICENSE', 420, 436 ]
537 silly gunzTarPerm extractEntry cli.js
538 silly gunzTarPerm modified mode [ 'cli.js', 420, 436 ]
539 silly gunzTarPerm extractEntry .travis.yml
540 silly gunzTarPerm modified mode [ '.travis.yml', 420, 436 ]
541 silly gunzTarPerm extractEntry bin/cmd.js
542 silly gunzTarPerm modified mode [ 'bin/cmd.js', 493, 509 ]
543 silly gunzTarPerm extractEntry bin/express
544 silly gunzTarPerm modified mode [ 'bin/express', 438, 436 ]
545 silly gunzTarPerm extractEntry templates/css/style.css
546 silly gunzTarPerm modified mode [ 'templates/css/style.css', 438, 436 ]
547 silly gunzTarPerm extractEntry templates/css/style.less
548 silly gunzTarPerm modified mode [ 'templates/css/style.less', 438, 436 ]
549 silly gunzTarPerm extractEntry templates/css/style.sass
550 silly gunzTarPerm modified mode [ 'templates/css/style.sass', 438, 436 ]
551 silly gunzTarPerm extractEntry templates/css/style.scss
552 silly gunzTarPerm modified mode [ 'templates/css/style.scss', 438, 436 ]
553 silly gunzTarPerm extractEntry templates/css/style.styl
554 silly gunzTarPerm modified mode [ 'templates/css/style.styl', 438, 436 ]
555 silly gunzTarPerm extractEntry templates/ejs/error.ejs
556 silly gunzTarPerm modified mode [ 'templates/ejs/error.ejs', 438, 436 ]
557 silly gunzTarPerm extractEntry templates/ejs/index.ejs
558 silly gunzTarPerm modified mode [ 'templates/ejs/index.ejs', 438, 436 ]
559 silly gunzTarPerm extractEntry templates/hbs/error.hbs
560 silly gunzTarPerm modified mode [ 'templates/hbs/error.hbs', 438, 436 ]
561 silly gunzTarPerm extractEntry templates/hbs/index.hbs
562 silly gunzTarPerm modified mode [ 'templates/hbs/index.hbs', 438, 436 ]
563 silly gunzTarPerm extractEntry templates/hbs/layout.hbs
564 silly gunzTarPerm modified mode [ 'templates/hbs/layout.hbs', 438, 436 ]
565 silly gunzTarPerm extractEntry templates/hogan/error.hjs
566 silly gunzTarPerm modified mode [ 'templates/hogan/error.hjs', 438, 436 ]
567 silly gunzTarPerm extractEntry templates/hogan/index.hjs
568 silly gunzTarPerm modified mode [ 'templates/hogan/index.hjs', 438, 436 ]
569 silly gunzTarPerm extractEntry templates/jade/error.jade
570 silly gunzTarPerm modified mode [ 'templates/jade/error.jade', 438, 436 ]
571 silly gunzTarPerm extractEntry templates/jade/index.jade
572 silly gunzTarPerm modified mode [ 'templates/jade/index.jade', 438, 436 ]
573 silly gunzTarPerm extractEntry templates/jade/layout.jade
574 silly gunzTarPerm modified mode [ 'templates/jade/layout.jade', 438, 436 ]
575 silly gunzTarPerm extractEntry templates/js/app.js
576 silly gunzTarPerm modified mode [ 'templates/js/app.js', 438, 436 ]
577 silly gunzTarPerm extractEntry templates/js/gitignore
578 silly gunzTarPerm modified mode [ 'templates/js/gitignore', 438, 436 ]
579 silly gunzTarPerm extractEntry templates/js/routes/index.js
580 silly gunzTarPerm modified mode [ 'templates/js/routes/index.js', 438, 436 ]
581 silly gunzTarPerm extractEntry templates/js/routes/users.js
582 silly gunzTarPerm modified mode [ 'templates/js/routes/users.js', 438, 436 ]
583 silly gunzTarPerm extractEntry templates/js/www
584 silly gunzTarPerm modified mode [ 'templates/js/www', 438, 436 ]
585 silly gunzTarPerm extractEntry .travis.yml
586 silly gunzTarPerm extractEntry mime.js
587 silly gunzTarPerm modified mode [ 'mime.js', 420, 436 ]
588 silly gunzTarPerm extractEntry build/build.js
589 silly gunzTarPerm modified mode [ 'build/build.js', 420, 436 ]
590 silly gunzTarPerm extractEntry readme.markdown
591 silly gunzTarPerm modified mode [ 'readme.markdown', 420, 436 ]
592 silly gunzTarPerm extractEntry test/dash.js
593 silly gunzTarPerm modified mode [ 'test/dash.js', 420, 436 ]
594 silly gunzTarPerm extractEntry bin/usage.txt
595 silly gunzTarPerm modified mode [ 'bin/usage.txt', 420, 436 ]
596 silly gunzTarPerm extractEntry examples/pow.js
597 silly gunzTarPerm modified mode [ 'examples/pow.js', 420, 436 ]
598 silly gunzTarPerm extractEntry Readme.md
599 silly gunzTarPerm extractEntry readme.markdown
600 silly gunzTarPerm modified mode [ 'readme.markdown', 420, 436 ]
601 silly gunzTarPerm extractEntry test/chmod.js
602 silly gunzTarPerm modified mode [ 'test/chmod.js', 420, 436 ]
603 silly gunzTarPerm extractEntry build/test.js
604 silly gunzTarPerm modified mode [ 'build/test.js', 420, 436 ]
605 silly gunzTarPerm extractEntry types.json
606 silly gunzTarPerm modified mode [ 'types.json', 420, 436 ]
607 silly gunzTarPerm extractEntry test/default_bool.js
608 silly gunzTarPerm modified mode [ 'test/default_bool.js', 420, 436 ]
609 silly gunzTarPerm extractEntry test/dotted.js
610 silly gunzTarPerm modified mode [ 'test/dotted.js', 420, 436 ]
611 silly gunzTarPerm extractEntry test/long.js
612 silly gunzTarPerm modified mode [ 'test/long.js', 420, 436 ]
613 silly gunzTarPerm extractEntry test/parse.js
614 silly gunzTarPerm modified mode [ 'test/parse.js', 420, 436 ]
615 silly gunzTarPerm extractEntry test/parse_modified.js
616 silly gunzTarPerm modified mode [ 'test/parse_modified.js', 420, 436 ]
617 silly gunzTarPerm extractEntry test/short.js
618 silly gunzTarPerm modified mode [ 'test/short.js', 420, 436 ]
619 silly gunzTarPerm extractEntry test/whitespace.js
620 silly gunzTarPerm modified mode [ 'test/whitespace.js', 420, 436 ]
621 silly gunzTarPerm extractEntry test/opts_fs_sync.js
622 silly gunzTarPerm modified mode [ 'test/opts_fs_sync.js', 420, 436 ]
623 silly gunzTarPerm extractEntry test/perm.js
624 silly gunzTarPerm modified mode [ 'test/perm.js', 420, 436 ]
625 silly gunzTarPerm extractEntry test/perm_sync.js
626 silly gunzTarPerm modified mode [ 'test/perm_sync.js', 420, 436 ]
627 silly gentlyRm /vagrant/xpress1/node_modules/.staging/sorted-object-2c0a4c20/node_modules is being purged
628 verbose gentlyRm don't care about contents; nuking /vagrant/xpress1/node_modules/.staging/sorted-object-2c0a4c20/node_modules
629 silly gunzTarPerm extractEntry test/opts_fs.js
630 silly gunzTarPerm modified mode [ 'test/opts_fs.js', 420, 436 ]
631 silly gunzTarPerm extractEntry test/rel.js
632 silly gunzTarPerm modified mode [ 'test/rel.js', 420, 436 ]
633 silly gentlyRm /vagrant/xpress1/node_modules/.staging/commander-023757ea/node_modules is being purged
634 verbose gentlyRm don't care about contents; nuking /vagrant/xpress1/node_modules/.staging/commander-023757ea/node_modules
635 silly gunzTarPerm extractEntry test/return.js
636 silly gunzTarPerm modified mode [ 'test/return.js', 420, 436 ]
637 silly gunzTarPerm extractEntry test/return_sync.js
638 silly gunzTarPerm modified mode [ 'test/return_sync.js', 420, 436 ]
639 silly gentlyRm /vagrant/xpress1/node_modules/.staging/graceful-readlink-0a975f0b/node_modules is being purged
640 verbose gentlyRm don't care about contents; nuking /vagrant/xpress1/node_modules/.staging/graceful-readlink-0a975f0b/node_modules
641 silly gunzTarPerm extractEntry test/root.js
642 silly gunzTarPerm modified mode [ 'test/root.js', 420, 436 ]
643 silly gunzTarPerm extractEntry test/sync.js
644 silly gunzTarPerm modified mode [ 'test/sync.js', 420, 436 ]
645 silly gunzTarPerm extractEntry test/mkdirp.js
646 silly gunzTarPerm modified mode [ 'test/mkdirp.js', 420, 436 ]
647 silly gunzTarPerm extractEntry test/umask.js
648 silly gunzTarPerm modified mode [ 'test/umask.js', 420, 436 ]
649 silly gunzTarPerm extractEntry test/clobber.js
650 silly gunzTarPerm modified mode [ 'test/clobber.js', 420, 436 ]
651 silly gunzTarPerm extractEntry test/umask_sync.js
652 silly gunzTarPerm modified mode [ 'test/umask_sync.js', 420, 436 ]
653 silly gentlyRm /vagrant/xpress1/node_modules/.staging/mime-68654b85/node_modules is being purged
654 verbose gentlyRm don't care about contents; nuking /vagrant/xpress1/node_modules/.staging/mime-68654b85/node_modules
655 silly gunzTarPerm extractEntry test/race.js
656 silly gunzTarPerm modified mode [ 'test/race.js', 420, 436 ]
657 silly gentlyRm /vagrant/xpress1/node_modules/.staging/minimist-d06d4df3/node_modules is being purged
658 verbose gentlyRm don't care about contents; nuking /vagrant/xpress1/node_modules/.staging/minimist-d06d4df3/node_modules
659 silly gentlyRm /vagrant/xpress1/node_modules/.staging/mkdirp-6b1aef20/node_modules is being purged
660 verbose gentlyRm don't care about contents; nuking /vagrant/xpress1/node_modules/.staging/mkdirp-6b1aef20/node_modules
661 silly gentlyRm /vagrant/xpress1/node_modules/.staging/express-generator-92f8684d/node_modules is being purged
662 verbose gentlyRm don't care about contents; nuking /vagrant/xpress1/node_modules/.staging/express-generator-92f8684d/node_modules
663 silly doParallel preinstall 7
664 silly preinstall graceful-readlink@1.0.1 /vagrant/xpress1/node_modules/.staging/graceful-readlink-0a975f0b
665 info lifecycle graceful-readlink@1.0.1~preinstall: graceful-readlink@1.0.1
666 silly preinstall minimist@0.0.8 /vagrant/xpress1/node_modules/.staging/minimist-d06d4df3
667 info lifecycle minimist@0.0.8~preinstall: minimist@0.0.8
668 silly preinstall commander@2.7.1 /vagrant/xpress1/node_modules/.staging/commander-023757ea
669 info lifecycle commander@2.7.1~preinstall: commander@2.7.1
670 silly preinstall mime@1.3.4 /vagrant/xpress1/node_modules/.staging/mime-68654b85
671 info lifecycle mime@1.3.4~preinstall: mime@1.3.4
672 silly preinstall mkdirp@0.5.1 /vagrant/xpress1/node_modules/.staging/mkdirp-6b1aef20
673 info lifecycle mkdirp@0.5.1~preinstall: mkdirp@0.5.1
674 silly preinstall sorted-object@2.0.0 /vagrant/xpress1/node_modules/.staging/sorted-object-2c0a4c20
675 info lifecycle sorted-object@2.0.0~preinstall: sorted-object@2.0.0
676 silly preinstall express-generator@4.13.4 /vagrant/xpress1/node_modules/.staging/express-generator-92f8684d
677 info lifecycle express-generator@4.13.4~preinstall: express-generator@4.13.4
678 silly lifecycle graceful-readlink@1.0.1~preinstall: no script for preinstall, continuing
679 silly lifecycle minimist@0.0.8~preinstall: no script for preinstall, continuing
680 silly lifecycle commander@2.7.1~preinstall: no script for preinstall, continuing
681 silly lifecycle mime@1.3.4~preinstall: no script for preinstall, continuing
682 silly lifecycle mkdirp@0.5.1~preinstall: no script for preinstall, continuing
683 silly lifecycle sorted-object@2.0.0~preinstall: no script for preinstall, continuing
684 silly lifecycle express-generator@4.13.4~preinstall: no script for preinstall, continuing
685 silly doReverseSerial remove 0
686 silly doSerial move 0
687 silly doSerial finalize 7
688 silly finalize /vagrant/xpress1/node_modules/graceful-readlink
689 silly finalize /vagrant/xpress1/node_modules/minimist
690 silly finalize /vagrant/xpress1/node_modules/commander
691 silly finalize /vagrant/xpress1/node_modules/mime
692 silly finalize /vagrant/xpress1/node_modules/mkdirp
693 silly finalize /vagrant/xpress1/node_modules/sorted-object
694 silly finalize /vagrant/xpress1/node_modules/express-generator
695 silly doSerial build 7
696 silly build graceful-readlink@1.0.1
697 info linkStuff graceful-readlink@1.0.1
698 silly linkStuff graceful-readlink@1.0.1 has /vagrant/xpress1/node_modules as its parent node_modules
699 verbose linkBins graceful-readlink@1.0.1
700 verbose linkMans graceful-readlink@1.0.1
701 silly build minimist@0.0.8
702 info linkStuff minimist@0.0.8
703 silly linkStuff minimist@0.0.8 has /vagrant/xpress1/node_modules as its parent node_modules
704 verbose linkBins minimist@0.0.8
705 verbose linkMans minimist@0.0.8
706 silly build commander@2.7.1
707 info linkStuff commander@2.7.1
708 silly linkStuff commander@2.7.1 has /vagrant/xpress1/node_modules as its parent node_modules
709 verbose linkBins commander@2.7.1
710 verbose linkMans commander@2.7.1
711 silly build mime@1.3.4
712 info linkStuff mime@1.3.4
713 silly linkStuff mime@1.3.4 has /vagrant/xpress1/node_modules as its parent node_modules
714 verbose linkBins mime@1.3.4
715 verbose link bins [ { mime: 'cli.js' },
715 verbose link bins   '/vagrant/xpress1/node_modules/.bin',
715 verbose link bins   false ]
716 verbose linkMans mime@1.3.4
717 silly gentlyRm /vagrant/xpress1/node_modules/.bin/mime is being purged
718 verbose gentlyRm don't care about contents; nuking /vagrant/xpress1/node_modules/.bin/mime
719 silly build mkdirp@0.5.1
720 info linkStuff mkdirp@0.5.1
721 silly linkStuff mkdirp@0.5.1 has /vagrant/xpress1/node_modules as its parent node_modules
722 verbose linkBins mkdirp@0.5.1
723 verbose link bins [ { mkdirp: 'bin/cmd.js' },
723 verbose link bins   '/vagrant/xpress1/node_modules/.bin',
723 verbose link bins   false ]
724 verbose linkMans mkdirp@0.5.1
725 silly gentlyRm /vagrant/xpress1/node_modules/.bin/mkdirp is being purged
726 verbose gentlyRm don't care about contents; nuking /vagrant/xpress1/node_modules/.bin/mkdirp
727 verbose unlock done using /home/vagrant/.npm/_locks/staging-7cf3243f4e88752e.lock for /vagrant/xpress1/node_modules/.staging
728 silly rollbackFailedOptional Starting
729 silly rollbackFailedOptional Finishing
730 silly runTopLevelLifecycles Finishing
731 silly install printInstalled
732 warn optional SKIPPING OPTIONAL DEPENDENCY: mime@1.3.4 (node_modules/mime):
733 warn optional SKIPPING OPTIONAL DEPENDENCY: EPROTO: protocol error, symlink '../mime/cli.js' -> '/vagrant/xpress1/node_modules/.bin/mime'
734 verbose optional SKIPPING OPTIONAL DEPENDENCY:
734 verbose optional If you need help, you may report this error at:
734 verbose optional SKIPPING OPTIONAL DEPENDENCY:     <https://github.com/npm/npm/issues>
735 verbose stack Error: EPROTO: protocol error, symlink '../mkdirp/bin/cmd.js' -> '/vagrant/xpress1/node_modules/.bin/mkdirp'
735 verbose stack     at Error (native)
736 verbose cwd /vagrant/xpress1
737 error Linux 3.13.0-86-generic
738 error argv "/usr/bin/nodejs" "/usr/bin/npm" "install" "express-generator@4.x"
739 error node v6.8.0
740 error npm  v3.10.8
741 error path ../mkdirp/bin/cmd.js
742 error code EPROTO
743 error errno -71
744 error syscall symlink
745 error EPROTO: protocol error, symlink '../mkdirp/bin/cmd.js' -> '/vagrant/xpress1/node_modules/.bin/mkdirp'
746 error If you need help, you may report this error at:
746 error     <https://github.com/npm/npm/issues>
747 verbose exit [ -71, true ]
